<?xml version="1.0" encoding="UTF-8"?>
<!-- Generated by org.testng.reporters.JUnitReportReporter -->
<testsuite hostname="DESKTOP-MC7UQM0" failures="0" tests="1" name="com.testcase.LoginInSteps" time="26.977" errors="0" timestamp="2023-12-28T18:01:03 IST" skipped="0">
  <testcase classname="com.testcase.LoginInSteps" name="testLogin" time="26.977"/>
</testsuite> <!-- com.testcase.LoginInSteps -->
