<?xml version="1.0" encoding="UTF-8"?>
<!-- Generated by org.testng.reporters.JUnitReportReporter -->
<testsuite hostname="DESKTOP-MC7UQM0" failures="0" tests="2" name="WaymoreTestCases" time="13.292" errors="0" timestamp="2023-12-26T17:29:24 IST" skipped="0">
  <testcase classname="WaymoreTestCases" name="loginPageTestCase" time="0.235"/>
  <testcase classname="WaymoreTestCases" name="contactInsightTestCase" time="13.057"/>
</testsuite> <!-- WaymoreTestCases -->
